[ArGoN, 4]
Comment: Fredel
Date: 29. June 2013
Time: 02:01:18
IP: 188.241.57.37
Ping: 4
gpci: C5DC89C9CEE44D808C0FA94E48CE5CCEA8E0DF9E
Coordinates: 203.423187 1907.356933 17.367565 62.040580 0 0
State: 2 100.000000 100.000000 0  
Speed: 0 0 0.000000 0.000000 0.000000
Armed weapon: 46 0
Color: 0xFFA000FF
Money: 5835925 5835925
Score: 5788
Skin: 132
Wanted level: 0
Drunk level: 1777
Player time: 02:00
Keys: 0x0 0x0 0x0
Camera: 195.988906 1905.045654 18.503599 0.951655 0.295883 -0.082485
Special action: 0
Weapons: 0 0 7 100 0 0 0 0 0 0 30 100 0 0 0 0 0 0 0 0 0 0 46 100 0 0
Vehicle: 251 411 Infernus 0.000000 0.000000 0.000000 181.376876 0.012015 0.000000 0.000000 0.999927 995.671325 0b100000000000000000001 0b0 0b100 0b0 0
Vehicle components: 0 -1 0 -1 0 -1 0 -1 0 -1 1010 5 0 -1 0 -1 0 -1 0 -1 0 -1 0 -1 0 -1 0 -1

[SefuV@ly, 3]
Comment: Fredel
Date: 29. June 2013
Time: 02:01:30
IP: 188.24.231.210
Ping: 3
gpci: CE488889ED9450AEC09F45EA49D5D85E8DC80ED4
Coordinates: 206.419815 1892.712524 17.640625 240.013214 0 0
State: 1 100.000000 0.000000 1189 PED IDLE_STANCE
Speed: 0 0 0.000000 0.000000 0.000000
Armed weapon: 0 0
Color: 0xFFA000FF
Money: 992999970 992999970
Score: 8290
Skin: 34
Wanted level: 1
Drunk level: 69
Player time: 02:00
Keys: 0x0 0x0 0x0
Camera: 206.893905 1889.348754 19.080900 -0.135462 0.961242 -0.240130
Special action: 0
Weapons: 0 0 7 100 0 0 0 0 0 0 0 0 0 0 0 0 0 0 0 0 0 0 46 100 0 0
Vehicle: None
Vehicle components: None

[Chrome., 0]
Comment: Fredel
Date: 29. June 2013
Time: 02:01:33
IP: 109.103.72.248
Ping: 0
gpci: 84E9AC988DF84CA009D9F984059CCDEE9C85CDCD
Coordinates: 375.356048 755.749816 5.949766 220.369598 0 0
State: 2 95.000000 100.000000 0  
Speed: 59 59 0.000000 0.000000 0.000000
Armed weapon: 0 0
Color: 0xFFA000FF
Money: 301798644 301798644
Score: 5761
Skin: 132
Wanted level: 2
Drunk level: 422
Player time: 02:00
Keys: 0x8 0x0 0x0
Camera: 357.476409 748.300903 10.545000 0.169318 0.863781 -0.474566
Special action: 0
Weapons: 0 0 7 100 0 0 0 0 0 0 30 100 0 0 0 0 0 0 0 0 0 0 46 100 0 0
Vehicle: 193 402 Buffalo 0.366655 -0.029225 -0.000388 265.445068 0.678433 -0.009099 0.005405 0.734585 1000.000000 0b0 0b0 0b0 0b0 0
Vehicle components: 0 -1 0 -1 0 -1 0 -1 0 -1 1010 5 0 -1 0 -1 0 -1 0 -1 0 -1 0 -1 0 -1 0 -1

